[INFO] Scanning for projects...
[INFO] 
[INFO] --------------< com.romen.inventory:inventory-management >--------------
[INFO] Building inventory-management 1.0.0
[INFO]   from pom.xml
[INFO] --------------------------------[ jar ]---------------------------------
[INFO] 
[INFO] >>> spring-boot:3.1.6:run (default-cli) > test-compile @ inventory-management >>>
[INFO] 
[INFO] --- resources:3.3.1:resources (default-resources) @ inventory-management ---
[INFO] Copying 1 resource from src\main\resources to target\classes
[INFO] Copying 1 resource from src\main\resources to target\classes
[INFO] 
[INFO] --- compiler:3.11.0:compile (default-compile) @ inventory-management ---
[INFO] Nothing to compile - all classes are up to date
[INFO] 
[INFO] --- resources:3.3.1:testResources (default-testResources) @ inventory-management ---
[INFO] skip non existing resourceDirectory D:\Infosys Group Project\PharmaTrack Pro\backend\src\test\resources
[INFO] 
[INFO] --- compiler:3.11.0:testCompile (default-testCompile) @ inventory-management ---
[INFO] Nothing to compile - all classes are up to date
[INFO] 
[INFO] <<< spring-boot:3.1.6:run (default-cli) < test-compile @ inventory-management <<<
[INFO] 
[INFO] 
[INFO] --- spring-boot:3.1.6:run (default-cli) @ inventory-management ---
[INFO] Attaching agents: []

  .   ____          _            __ _ _
 /\\ / ___'_ __ _ _(_)_ __  __ _ \ \ \ \
( ( )\___ | '_ | '_| | '_ \/ _` | \ \ \ \
 \\/  ___)| |_)| | | | | || (_| |  ) ) ) )
  '  |____| .__|_| |_|_| |_\__, | / / / /
 =========|_|==============|___/=/_/_/_/
 :: Spring Boot ::                (v3.1.6)

2026-03-21T12:01:04.390+05:30  INFO 49400 --- [           main] c.romen.inventory.InventoryApplication   : Starting InventoryApplication using Java 17.0.2 with PID 49400 (D:\Infosys Group Project\PharmaTrack Pro\backend\target\classes started by RAMAN in D:\Infosys Group Project\PharmaTrack Pro\backend)
2026-03-21T12:01:04.395+05:30 DEBUG 49400 --- [           main] c.romen.inventory.InventoryApplication   : Running with Spring Boot v3.1.6, Spring v6.0.14
2026-03-21T12:01:04.396+05:30  INFO 49400 --- [           main] c.romen.inventory.InventoryApplication   : No active profile set, falling back to 1 default profile: "default"
2026-03-21T12:01:05.888+05:30  INFO 49400 --- [           main] .s.d.r.c.RepositoryConfigurationDelegate : Bootstrapping Spring Data JPA repositories in DEFAULT mode.
2026-03-21T12:01:06.088+05:30  INFO 49400 --- [           main] .s.d.r.c.RepositoryConfigurationDelegate : Finished Spring Data repository scanning in 184 ms. Found 14 JPA repository interfaces.
2026-03-21T12:01:07.439+05:30  INFO 49400 --- [           main] o.s.b.w.embedded.tomcat.TomcatWebServer  : Tomcat initialized with port(s): 8080 (http)
2026-03-21T12:01:07.461+05:30  INFO 49400 --- [           main] o.apache.catalina.core.StandardService   : Starting service [Tomcat]
2026-03-21T12:01:07.461+05:30  INFO 49400 --- [           main] o.apache.catalina.core.StandardEngine    : Starting Servlet engine: [Apache Tomcat/10.1.16]
2026-03-21T12:01:07.696+05:30  INFO 49400 --- [           main] o.a.c.c.C.[Tomcat].[localhost].[/]       : Initializing Spring embedded WebApplicationContext
2026-03-21T12:01:07.699+05:30  INFO 49400 --- [           main] w.s.c.ServletWebServerApplicationContext : Root WebApplicationContext: initialization completed in 3200 ms
2026-03-21T12:01:07.979+05:30  INFO 49400 --- [           main] o.hibernate.jpa.internal.util.LogHelper  : HHH000204: Processing PersistenceUnitInfo [name: default]
2026-03-21T12:01:08.152+05:30  INFO 49400 --- [           main] org.hibernate.Version                    : HHH000412: Hibernate ORM core version 6.2.13.Final
2026-03-21T12:01:08.161+05:30  INFO 49400 --- [           main] org.hibernate.cfg.Environment            : HHH000406: Using bytecode reflection optimizer
2026-03-21T12:01:08.756+05:30  INFO 49400 --- [           main] o.s.o.j.p.SpringPersistenceUnitInfo      : No LoadTimeWeaver setup: ignoring JPA class transformer
2026-03-21T12:01:08.814+05:30  INFO 49400 --- [           main] com.zaxxer.hikari.HikariDataSource       : HikariPool-1 - Starting...
2026-03-21T12:01:14.452+05:30  INFO 49400 --- [           main] com.zaxxer.hikari.pool.HikariPool        : HikariPool-1 - Added connection org.postgresql.jdbc.PgConnection@4d290757
2026-03-21T12:01:14.456+05:30  INFO 49400 --- [           main] com.zaxxer.hikari.HikariDataSource       : HikariPool-1 - Start completed.
2026-03-21T12:01:14.980+05:30  WARN 49400 --- [           main] org.hibernate.orm.deprecation            : HHH90000025: PostgreSQLDialect does not need to be specified explicitly using 'hibernate.dialect' (remove the property setting and it will be selected by default)
2026-03-21T12:01:18.432+05:30  INFO 49400 --- [           main] o.h.e.t.j.p.i.JtaPlatformInitiator       : HHH000489: No JTA platform available (set 'hibernate.transaction.jta.platform' to enable JTA platform integration)
Hibernate: 
    create table alerts (
        id bigserial not null,
        alert_type varchar(30) not null check (alert_type in ('LOW_STOCK','OUT_OF_STOCK','EXPIRING_SOON','EXPIRED','REORDER_POINT','OVERSTOCK','BATCH_QUARANTINED','SCHEDULE_H1_PENDING','USER_PASSWORD_RESET')),
        created_at timestamp(6),
        current_quantity integer,
        description TEXT,
        is_read boolean,
        is_resolved boolean,
        message varchar(500) not null,
        resolved_at timestamp(6),
        threshold_quantity integer,
        updated_at timestamp(6),
        batch_id bigint,
        medication_id bigint,
        resolved_by bigint,
        primary key (id)
    )
Hibernate: 
    create table batches (
        id bigserial not null,
        batch_number varchar(50) not null,
        created_at timestamp(6),
        current_stock integer not null,
        expiry_date date not null,
        is_quarantined boolean,
        location_in_store varchar(100),
        manufacturer_date date,
        mrp numeric(10,2),
        ptr numeric(10,2),
        pts numeric(10,2),
        quarantine_reason varchar(500),
        quarantined_at timestamp(6),
        reserved_stock integer,
        updated_at timestamp(6),
        version bigint,
        medication_id bigint not null,
        supplier_id bigint,
        primary key (id)
    )
[INFO] ------------------------------------------------------------------------
[INFO] BUILD FAILURE
[INFO] ------------------------------------------------------------------------
[INFO] Total time:  23.600 s
[INFO] Finished at: 2026-03-21T12:01:20+05:30
[INFO] ------------------------------------------------------------------------
[ERROR] Failed to execute goal org.springframework.boot:spring-boot-maven-plugin:3.1.6:run (default-cli) on project inventory-management: Process terminated with exit code: 1 -> [Help 1]
[ERROR] 
[ERROR] To see the full stack trace of the errors, re-run Maven with the -e switch.
[ERROR] Re-run Maven using the -X switch to enable full debug logging.
[ERROR] 
[ERROR] For more information about the errors and possible solutions, please read the following articles:
[ERROR] [Help 1] http://cwiki.apache.org/confluence/display/MAVEN/MojoExecutionException
Terminate batch job (Y/N)? 